Using pre-set license
Built from '2020.3/staging' branch; Version is '2020.3.21f1 (a38c86f6690f) revision 10718342'; Using compiler version '192528614'; Build Type 'Release'
OS: 'Windows 10 Home; OS build 19042.1415; Version 2009; 64bit' Language: 'pl' Physical Memory: 16061 MB
BatchMode: 1, IsHumanControllingUs: 0, StartBugReporterOnCrash: 0, Is64bit: 1, IsPro: 0

COMMAND LINE ARGUMENTS:
C:\Program Files\Unity\Hub\Editor\2020.3.21f1\Editor\Unity.exe
-adb2
-batchMode
-noUpm
-name
AssetImportWorker0
-projectPath
C:/Dev_TUF/Unity/Biosym
-logFile
Logs/AssetImportWorker0.log
-srvPort
60057
Successfully changed project path to: C:/Dev_TUF/Unity/Biosym
C:/Dev_TUF/Unity/Biosym
Using Asset Import Pipeline V2.
Refreshing native plugins compatible for Editor in 24.58 ms, found 2 plugins.
Preloading 0 native plugins for Editor in 0.00 ms.
Initialize engine version: 2020.3.21f1 (a38c86f6690f)
[Subsystems] Discovering subsystems at path C:/Program Files/Unity/Hub/Editor/2020.3.21f1/Editor/Data/Resources/UnitySubsystems
[Subsystems] Discovering subsystems at path C:/Dev_TUF/Unity/Biosym/Assets
GfxDevice: creating device client; threaded=0
Direct3D:
    Version:  Direct3D 11.0 [level 11.1]
    Renderer: NVIDIA GeForce RTX 3060 Laptop GPU (ID=0x2520)
    Vendor:   
    VRAM:     6023 MB
    Driver:   27.21.14.6683
Initialize mono
Mono path[0] = 'C:/Program Files/Unity/Hub/Editor/2020.3.21f1/Editor/Data/Managed'
Mono path[1] = 'C:/Program Files/Unity/Hub/Editor/2020.3.21f1/Editor/Data/MonoBleedingEdge/lib/mono/unityjit'
Mono config path = 'C:/Program Files/Unity/Hub/Editor/2020.3.21f1/Editor/Data/MonoBleedingEdge/etc'
Using monoOptions --debugger-agent=transport=dt_socket,embedding=1,server=y,suspend=n,address=127.0.0.1:56448
Begin MonoManager ReloadAssembly
Registering precompiled unity dll's ...
Register platform support module: C:/Program Files/Unity/Hub/Editor/2020.3.21f1/Editor/Data/PlaybackEngines/WindowsStandaloneSupport/UnityEditor.WindowsStandalone.Extensions.dll
Registered in 0.001011 seconds.
Native extension for WindowsStandalone target not found
Refreshing native plugins compatible for Editor in 22.53 ms, found 2 plugins.
Preloading 0 native plugins for Editor in 0.00 ms.
Mono: successfully reloaded assembly
- Completed reload, in  0.655 seconds
Domain Reload Profiling:
	ReloadAssembly (655ms)
		BeginReloadAssembly (33ms)
			ExecutionOrderSort (0ms)
			DisableScriptedObjects (0ms)
			BackupInstance (0ms)
			ReleaseScriptingObjects (0ms)
			CreateAndSetChildDomain (1ms)
		EndReloadAssembly (279ms)
			LoadAssemblies (31ms)
			RebuildTransferFunctionScriptingTraits (0ms)
			SetupTypeCache (93ms)
			ReleaseScriptCaches (0ms)
			RebuildScriptCaches (21ms)
			SetupLoadedEditorAssemblies (103ms)
				LogAssemblyErrors (0ms)
				InitializePlatformSupportModulesInManaged (3ms)
				SetLoadedEditorAssemblies (0ms)
				RefreshPlugins (23ms)
				BeforeProcessingInitializeOnLoad (8ms)
				ProcessInitializeOnLoadAttributes (52ms)
				ProcessInitializeOnLoadMethodAttributes (17ms)
				AfterProcessingInitializeOnLoad (0ms)
				EditorAssembliesLoaded (0ms)
			ExecutionOrderSort2 (0ms)
			AwakeInstancesAfterBackupRestoration (0ms)
Platform modules already initialized, skipping
Registering precompiled user dll's ...
Registered in 0.002369 seconds.
Begin MonoManager ReloadAssembly
Native extension for WindowsStandalone target not found
Refreshing native plugins compatible for Editor in 0.32 ms, found 2 plugins.
Preloading 0 native plugins for Editor in 0.00 ms.
Mono: successfully reloaded assembly
- Completed reload, in  0.643 seconds
Domain Reload Profiling:
	ReloadAssembly (644ms)
		BeginReloadAssembly (87ms)
			ExecutionOrderSort (0ms)
			DisableScriptedObjects (3ms)
			BackupInstance (0ms)
			ReleaseScriptingObjects (0ms)
			CreateAndSetChildDomain (13ms)
		EndReloadAssembly (517ms)
			LoadAssemblies (54ms)
			RebuildTransferFunctionScriptingTraits (0ms)
			SetupTypeCache (175ms)
			ReleaseScriptCaches (0ms)
			RebuildScriptCaches (28ms)
			SetupLoadedEditorAssemblies (201ms)
				LogAssemblyErrors (0ms)
				InitializePlatformSupportModulesInManaged (4ms)
				SetLoadedEditorAssemblies (0ms)
				RefreshPlugins (0ms)
				BeforeProcessingInitializeOnLoad (55ms)
				ProcessInitializeOnLoadAttributes (128ms)
				ProcessInitializeOnLoadMethodAttributes (10ms)
				AfterProcessingInitializeOnLoad (3ms)
				EditorAssembliesLoaded (0ms)
			ExecutionOrderSort2 (0ms)
			AwakeInstancesAfterBackupRestoration (4ms)
Platform modules already initialized, skipping
========================================================================
Worker process is ready to serve import requests
Launched and connected shader compiler UnityShaderCompiler.exe after 0.04 seconds
Refreshing native plugins compatible for Editor in 0.44 ms, found 2 plugins.
Preloading 0 native plugins for Editor in 0.00 ms.
Unloading 1560 Unused Serialized files (Serialized files now loaded: 0)
System memory in use before: 82.6 MB.
System memory in use after: 82.7 MB.

Unloading 23 unused Assets to reduce memory usage. Loaded Objects now: 2011.
Total: 2.443700 ms (FindLiveObjects: 0.113100 ms CreateObjectMapping: 0.025400 ms MarkObjects: 2.216600 ms  DeleteObjects: 0.087600 ms)

AssetImportParameters requested are different than current active one (requested -> active):
  custom:framework-win-MediaFoundation: 216162199b28c13a410421893ffa2e32 -> 
  custom:video-decoder-ogg-theora: a1e56fd34408186e4bbccfd4996cb3dc -> 
  custom:container-muxer-webm: aa71ff27fc2769a1b78a27578f13a17b -> 
  custom:container-demuxer-webm: 4f35f7cbe854078d1ac9338744f61a02 -> 
  custom:container-demuxer-ogg: 62fdf1f143b41e24485cea50d1cbac27 -> 
  custom:video-encoder-webm-vp8: eb34c28f22e8b96e1ab97ce403110664 -> 
  custom:video-codec-MediaFoundation-h265: 746d11721c4dcdbdad8f713fa42b33f4 -> 
  custom:video-decoder-webm-vp8: 9c59270c3fd7afecdb556c50c9e8de78 -> 
  custom:audio-decoder-ogg-vorbis: bf7c407c2cedff20999df2af8eb42d56 -> 
  custom:audio-encoder-webm-vorbis: bf7c407c2cedff20999df2af8eb42d56 -> 
========================================================================
Received Import Request.
  path: Assets/Scripts/Environment/AnimalBehaviour.cs
  artifactKey: Guid(76779820354ea224a93ac2863c14060e) Importer(815301076,1909f56bfc062723c751e8b465ee728b)
Start importing Assets/Scripts/Environment/AnimalBehaviour.cs using Guid(76779820354ea224a93ac2863c14060e) Importer(815301076,1909f56bfc062723c751e8b465ee728b)  -> (artifact id: '54d2397665116f4dc2be1dc658bdd78e') in 0.024132 seconds 
  Import took 0.026165 seconds .

========================================================================
Received Import Request.
  Time since last request: 0.000264 seconds.
  path: Assets/Scripts/Environment/EntitySpawner.cs
  artifactKey: Guid(aedb95bed84397e47a432619d387569d) Importer(815301076,1909f56bfc062723c751e8b465ee728b)
Start importing Assets/Scripts/Environment/EntitySpawner.cs using Guid(aedb95bed84397e47a432619d387569d) Importer(815301076,1909f56bfc062723c751e8b465ee728b)  -> (artifact id: 'bf0a4afd63c5dae154b6b7bb76417612') in 0.006638 seconds 
  Import took 0.009302 seconds .

========================================================================
Received Prepare
Registering precompiled user dll's ...
Registered in 0.002296 seconds.
Begin MonoManager ReloadAssembly
Native extension for WindowsStandalone target not found
Refreshing native plugins compatible for Editor in 0.28 ms, found 2 plugins.
Preloading 0 native plugins for Editor in 0.00 ms.
Mono: successfully reloaded assembly
- Completed reload, in  0.676 seconds
Domain Reload Profiling:
	ReloadAssembly (676ms)
		BeginReloadAssembly (94ms)
			ExecutionOrderSort (0ms)
			DisableScriptedObjects (6ms)
			BackupInstance (0ms)
			ReleaseScriptingObjects (0ms)
			CreateAndSetChildDomain (25ms)
		EndReloadAssembly (538ms)
			LoadAssemblies (59ms)
			RebuildTransferFunctionScriptingTraits (0ms)
			SetupTypeCache (210ms)
			ReleaseScriptCaches (1ms)
			RebuildScriptCaches (27ms)
			SetupLoadedEditorAssemblies (184ms)
				LogAssemblyErrors (0ms)
				InitializePlatformSupportModulesInManaged (4ms)
				SetLoadedEditorAssemblies (0ms)
				RefreshPlugins (0ms)
				BeforeProcessingInitializeOnLoad (50ms)
				ProcessInitializeOnLoadAttributes (118ms)
				ProcessInitializeOnLoadMethodAttributes (8ms)
				AfterProcessingInitializeOnLoad (3ms)
				EditorAssembliesLoaded (0ms)
			ExecutionOrderSort2 (0ms)
			AwakeInstancesAfterBackupRestoration (5ms)
Platform modules already initialized, skipping
Refreshing native plugins compatible for Editor in 0.29 ms, found 2 plugins.
Preloading 0 native plugins for Editor in 0.00 ms.
Unloading 1554 Unused Serialized files (Serialized files now loaded: 0)
System memory in use before: 82.5 MB.
System memory in use after: 82.6 MB.

Unloading 14 unused Assets to reduce memory usage. Loaded Objects now: 2013.
Total: 2.190500 ms (FindLiveObjects: 0.112800 ms CreateObjectMapping: 0.026100 ms MarkObjects: 2.035200 ms  DeleteObjects: 0.015200 ms)

AssetImportParameters requested are different than current active one (requested -> active):
  custom:framework-win-MediaFoundation: 216162199b28c13a410421893ffa2e32 -> 
  custom:video-decoder-ogg-theora: a1e56fd34408186e4bbccfd4996cb3dc -> 
  custom:container-muxer-webm: aa71ff27fc2769a1b78a27578f13a17b -> 
  custom:container-demuxer-webm: 4f35f7cbe854078d1ac9338744f61a02 -> 
  custom:container-demuxer-ogg: 62fdf1f143b41e24485cea50d1cbac27 -> 
  custom:video-encoder-webm-vp8: eb34c28f22e8b96e1ab97ce403110664 -> 
  custom:video-codec-MediaFoundation-h265: 746d11721c4dcdbdad8f713fa42b33f4 -> 
  custom:video-decoder-webm-vp8: 9c59270c3fd7afecdb556c50c9e8de78 -> 
  custom:audio-decoder-ogg-vorbis: bf7c407c2cedff20999df2af8eb42d56 -> 
  custom:audio-encoder-webm-vorbis: bf7c407c2cedff20999df2af8eb42d56 -> 
========================================================================
Received Import Request.
  Time since last request: 1868.909146 seconds.
  path: Assets/Editor/UI colors.colors
  artifactKey: Guid(e287983653393af4ab35ffa261f0e2b6) Importer(815301076,1909f56bfc062723c751e8b465ee728b)
Start importing Assets/Editor/UI colors.colors using Guid(e287983653393af4ab35ffa261f0e2b6) Importer(815301076,1909f56bfc062723c751e8b465ee728b)  -> (artifact id: 'ba6ee228d1e26a6f7503d6848d484a23') in 0.027351 seconds 
  Import took 0.030233 seconds .

========================================================================
Received Import Request.
  Time since last request: 55.897229 seconds.
  path: Assets/Editor/UI colors.colors
  artifactKey: Guid(e287983653393af4ab35ffa261f0e2b6) Importer(815301076,1909f56bfc062723c751e8b465ee728b)
Start importing Assets/Editor/UI colors.colors using Guid(e287983653393af4ab35ffa261f0e2b6) Importer(815301076,1909f56bfc062723c751e8b465ee728b)  -> (artifact id: 'af4c243e9eb73000c310d2d7fcd38806') in 0.004117 seconds 
  Import took 0.006593 seconds .

========================================================================
Received Import Request.
  Time since last request: 98.025945 seconds.
  path: Assets/Editor/UI colors.colors
  artifactKey: Guid(e287983653393af4ab35ffa261f0e2b6) Importer(815301076,1909f56bfc062723c751e8b465ee728b)
Start importing Assets/Editor/UI colors.colors using Guid(e287983653393af4ab35ffa261f0e2b6) Importer(815301076,1909f56bfc062723c751e8b465ee728b)  -> (artifact id: 'a1daa6ed7b87f022c0eac324178969cb') in 0.003485 seconds 
  Import took 0.006277 seconds .

========================================================================
Received Import Request.
  Time since last request: 43.720057 seconds.
  path: Assets/Editor/UI colors.colors
  artifactKey: Guid(e287983653393af4ab35ffa261f0e2b6) Importer(815301076,1909f56bfc062723c751e8b465ee728b)
Start importing Assets/Editor/UI colors.colors using Guid(e287983653393af4ab35ffa261f0e2b6) Importer(815301076,1909f56bfc062723c751e8b465ee728b)  -> (artifact id: '17c4e39858164f4a21bd11ceab028659') in 0.004341 seconds 
  Import took 0.007344 seconds .

========================================================================
Received Import Request.
  Time since last request: 41.659136 seconds.
  path: Assets/Editor/UI colors.colors
  artifactKey: Guid(e287983653393af4ab35ffa261f0e2b6) Importer(815301076,1909f56bfc062723c751e8b465ee728b)
Start importing Assets/Editor/UI colors.colors using Guid(e287983653393af4ab35ffa261f0e2b6) Importer(815301076,1909f56bfc062723c751e8b465ee728b)  -> (artifact id: '19234abe4bec424d5a54ad8f50a979e4') in 0.003618 seconds 
  Import took 0.005740 seconds .

========================================================================
Received Import Request.
  Time since last request: 6.292680 seconds.
  path: Assets/Editor/UI colors.colors
  artifactKey: Guid(e287983653393af4ab35ffa261f0e2b6) Importer(815301076,1909f56bfc062723c751e8b465ee728b)
Start importing Assets/Editor/UI colors.colors using Guid(e287983653393af4ab35ffa261f0e2b6) Importer(815301076,1909f56bfc062723c751e8b465ee728b)  -> (artifact id: '6c49689b2301711b0beddffc33bfe0d2') in 0.004359 seconds 
  Import took 0.006948 seconds .

========================================================================
Received Import Request.
  Time since last request: 5.825644 seconds.
  path: Assets/Editor/UI colors.colors
  artifactKey: Guid(e287983653393af4ab35ffa261f0e2b6) Importer(815301076,1909f56bfc062723c751e8b465ee728b)
Start importing Assets/Editor/UI colors.colors using Guid(e287983653393af4ab35ffa261f0e2b6) Importer(815301076,1909f56bfc062723c751e8b465ee728b)  -> (artifact id: 'b979d6a0d65e59271b178e0807a0d39c') in 0.005415 seconds 
  Import took 0.007955 seconds .

========================================================================
Received Import Request.
  Time since last request: 8.993657 seconds.
  path: Assets/Editor/UI colors.colors
  artifactKey: Guid(e287983653393af4ab35ffa261f0e2b6) Importer(815301076,1909f56bfc062723c751e8b465ee728b)
Start importing Assets/Editor/UI colors.colors using Guid(e287983653393af4ab35ffa261f0e2b6) Importer(815301076,1909f56bfc062723c751e8b465ee728b)  -> (artifact id: '3db88e95b84a048360daf4b39e44a9a4') in 0.005702 seconds 
  Import took 0.009846 seconds .

========================================================================
Received Import Request.
  Time since last request: 11.669178 seconds.
  path: Assets/Editor/UI colors.colors
  artifactKey: Guid(e287983653393af4ab35ffa261f0e2b6) Importer(815301076,1909f56bfc062723c751e8b465ee728b)
Start importing Assets/Editor/UI colors.colors using Guid(e287983653393af4ab35ffa261f0e2b6) Importer(815301076,1909f56bfc062723c751e8b465ee728b)  -> (artifact id: 'c4b11401554d4a28c50996648e1c00a1') in 0.003656 seconds 
  Import took 0.005832 seconds .

========================================================================
Received Import Request.
  Time since last request: 6.590947 seconds.
  path: Assets/Editor/UI colors.colors
  artifactKey: Guid(e287983653393af4ab35ffa261f0e2b6) Importer(815301076,1909f56bfc062723c751e8b465ee728b)
Start importing Assets/Editor/UI colors.colors using Guid(e287983653393af4ab35ffa261f0e2b6) Importer(815301076,1909f56bfc062723c751e8b465ee728b)  -> (artifact id: 'e7271c2931a2a37777b1449565b369c5') in 0.003971 seconds 
  Import took 0.006371 seconds .

========================================================================
Received Import Request.
  Time since last request: 6.397426 seconds.
  path: Assets/Editor/UI colors.colors
  artifactKey: Guid(e287983653393af4ab35ffa261f0e2b6) Importer(815301076,1909f56bfc062723c751e8b465ee728b)
Start importing Assets/Editor/UI colors.colors using Guid(e287983653393af4ab35ffa261f0e2b6) Importer(815301076,1909f56bfc062723c751e8b465ee728b)  -> (artifact id: 'c0f8e6ab0abc67c0b3a9a43b5d81ebb2') in 0.004680 seconds 
  Import took 0.007619 seconds .

========================================================================
Received Import Request.
  Time since last request: 15.109930 seconds.
  path: Assets/Editor/UI colors.colors
  artifactKey: Guid(e287983653393af4ab35ffa261f0e2b6) Importer(815301076,1909f56bfc062723c751e8b465ee728b)
Start importing Assets/Editor/UI colors.colors using Guid(e287983653393af4ab35ffa261f0e2b6) Importer(815301076,1909f56bfc062723c751e8b465ee728b)  -> (artifact id: 'ebaace01bd9cd67806cc4872fb094832') in 0.006718 seconds 
  Import took 0.010324 seconds .

========================================================================
Received Import Request.
  Time since last request: 14.572952 seconds.
  path: Assets/Editor/UI colors.colors
  artifactKey: Guid(e287983653393af4ab35ffa261f0e2b6) Importer(815301076,1909f56bfc062723c751e8b465ee728b)
Start importing Assets/Editor/UI colors.colors using Guid(e287983653393af4ab35ffa261f0e2b6) Importer(815301076,1909f56bfc062723c751e8b465ee728b)  -> (artifact id: 'a0512d59611712d95e33482fb3ba2d7f') in 0.004815 seconds 
  Import took 0.007601 seconds .

========================================================================
Received Import Request.
  Time since last request: 6.303834 seconds.
  path: Assets/Editor/UI colors.colors
  artifactKey: Guid(e287983653393af4ab35ffa261f0e2b6) Importer(815301076,1909f56bfc062723c751e8b465ee728b)
Start importing Assets/Editor/UI colors.colors using Guid(e287983653393af4ab35ffa261f0e2b6) Importer(815301076,1909f56bfc062723c751e8b465ee728b)  -> (artifact id: '3676f8bb613d1d0bf92d71865bf42b67') in 0.004314 seconds 
  Import took 0.006491 seconds .

========================================================================
Received Import Request.
  Time since last request: 4.431393 seconds.
  path: Assets/Editor/UI colors.colors
  artifactKey: Guid(e287983653393af4ab35ffa261f0e2b6) Importer(815301076,1909f56bfc062723c751e8b465ee728b)
Start importing Assets/Editor/UI colors.colors using Guid(e287983653393af4ab35ffa261f0e2b6) Importer(815301076,1909f56bfc062723c751e8b465ee728b)  -> (artifact id: 'b603a1aaab02a01c28c0d99e36757a5f') in 0.003269 seconds 
  Import took 0.005454 seconds .

========================================================================
Received Import Request.
  Time since last request: 4.782612 seconds.
  path: Assets/Editor/UI colors.colors
  artifactKey: Guid(e287983653393af4ab35ffa261f0e2b6) Importer(815301076,1909f56bfc062723c751e8b465ee728b)
Start importing Assets/Editor/UI colors.colors using Guid(e287983653393af4ab35ffa261f0e2b6) Importer(815301076,1909f56bfc062723c751e8b465ee728b)  -> (artifact id: '13eb758015683787499c1b28e0cd2804') in 0.002979 seconds 
  Import took 0.006778 seconds .

========================================================================
Received Import Request.
  Time since last request: 9.337123 seconds.
  path: Assets/Editor/UI colors.colors
  artifactKey: Guid(e287983653393af4ab35ffa261f0e2b6) Importer(815301076,1909f56bfc062723c751e8b465ee728b)
Start importing Assets/Editor/UI colors.colors using Guid(e287983653393af4ab35ffa261f0e2b6) Importer(815301076,1909f56bfc062723c751e8b465ee728b)  -> (artifact id: '436c10ea63288a745c6d4bfeafde879c') in 0.003166 seconds 
  Import took 0.005806 seconds .

========================================================================
Received Import Request.
  Time since last request: 3.994978 seconds.
  path: Assets/Editor/UI colors.colors
  artifactKey: Guid(e287983653393af4ab35ffa261f0e2b6) Importer(815301076,1909f56bfc062723c751e8b465ee728b)
Start importing Assets/Editor/UI colors.colors using Guid(e287983653393af4ab35ffa261f0e2b6) Importer(815301076,1909f56bfc062723c751e8b465ee728b)  -> (artifact id: '3900f9ce0dedecc13cc320355a99ebf1') in 0.004056 seconds 
  Import took 0.007756 seconds .

========================================================================
Received Import Request.
  Time since last request: 4.733810 seconds.
  path: Assets/Editor/UI colors.colors
  artifactKey: Guid(e287983653393af4ab35ffa261f0e2b6) Importer(815301076,1909f56bfc062723c751e8b465ee728b)
Start importing Assets/Editor/UI colors.colors using Guid(e287983653393af4ab35ffa261f0e2b6) Importer(815301076,1909f56bfc062723c751e8b465ee728b)  -> (artifact id: 'c74dcbff57d42aa0eb50366128873e89') in 0.005036 seconds 
  Import took 0.008039 seconds .

========================================================================
Received Import Request.
  Time since last request: 20.171765 seconds.
  path: Assets/Editor/UI colors.colors
  artifactKey: Guid(e287983653393af4ab35ffa261f0e2b6) Importer(815301076,1909f56bfc062723c751e8b465ee728b)
Start importing Assets/Editor/UI colors.colors using Guid(e287983653393af4ab35ffa261f0e2b6) Importer(815301076,1909f56bfc062723c751e8b465ee728b)  -> (artifact id: '1a3457077f8c57c3b193b26b4a1996a3') in 0.003550 seconds 
  Import took 0.006040 seconds .

========================================================================
Received Import Request.
  Time since last request: 5.321608 seconds.
  path: Assets/Editor/UI colors.colors
  artifactKey: Guid(e287983653393af4ab35ffa261f0e2b6) Importer(815301076,1909f56bfc062723c751e8b465ee728b)
Start importing Assets/Editor/UI colors.colors using Guid(e287983653393af4ab35ffa261f0e2b6) Importer(815301076,1909f56bfc062723c751e8b465ee728b)  -> (artifact id: 'c7df4f8ddec53b95011d60b938109537') in 0.003400 seconds 
  Import took 0.006494 seconds .

========================================================================
Received Import Request.
  Time since last request: 4.089659 seconds.
  path: Assets/Editor/UI colors.colors
  artifactKey: Guid(e287983653393af4ab35ffa261f0e2b6) Importer(815301076,1909f56bfc062723c751e8b465ee728b)
Start importing Assets/Editor/UI colors.colors using Guid(e287983653393af4ab35ffa261f0e2b6) Importer(815301076,1909f56bfc062723c751e8b465ee728b)  -> (artifact id: '979e66c9b7e0f88427554d868c16449c') in 0.005081 seconds 
  Import took 0.007474 seconds .

========================================================================
Received Import Request.
  Time since last request: 26.300523 seconds.
  path: Assets/Editor/UI colors.colors
  artifactKey: Guid(e287983653393af4ab35ffa261f0e2b6) Importer(815301076,1909f56bfc062723c751e8b465ee728b)
Start importing Assets/Editor/UI colors.colors using Guid(e287983653393af4ab35ffa261f0e2b6) Importer(815301076,1909f56bfc062723c751e8b465ee728b)  -> (artifact id: 'd568680cf0a20d04f3fa7d8f8184fd57') in 0.003197 seconds 
  Import took 0.007288 seconds .

AssetImportWorkerClient::OnTransportError - code=2 error=End of file
